Сборка начата 23.05.2016 4:34:06.
     1>Проект "C:\Users\lena\Desktop\оптимизация\transl\transl\transl.vcxproj" в узле 2 (целевые объекты Build).
     1>ClCompile:
         C:\Program Files (x86)\Microsoft Visual Studio 11.0\VC\bin\CL.exe /c /ZI /nologo /W3 /WX- /sdl /Od /Oy- /D WIN32 /D _DEBUG /D _CONSOLE /D _UNICODE /D UNICODE /Gm /EHsc /RTC1 /MDd /GS /fp:precise /Zc:wchar_t /Zc:forScope /Yu"stdafx.h" /Fp"Debug\transl.pch" /Fo"Debug\\" /Fd"Debug\vc110.pdb" /Gd /TP /analyze- /errorReport:prompt diagram.cpp
         diagram.cpp
     1>c:\users\lena\desktop\оптимизация\transl\transl\diagram.cpp(79): warning C4101: uk1: неиспользованная локальная переменная
     1>c:\users\lena\desktop\оптимизация\transl\transl\diagram.cpp(600): warning C4806: ==: небезопасная операция: значение типа "bool", приведенное к типу "DataType", не может равняться данной константе
     1>c:\users\lena\desktop\оптимизация\transl\transl\diagram.cpp(622): warning C4806: ==: небезопасная операция: значение типа "bool", приведенное к типу "DataType", не может равняться данной константе
     1>c:\users\lena\desktop\оптимизация\transl\transl\diagram.cpp(705): warning C4806: ==: небезопасная операция: значение типа "bool", приведенное к типу "DataType", не может равняться данной константе
     1>c:\users\lena\desktop\оптимизация\transl\transl\diagram.cpp(728): warning C4806: ==: небезопасная операция: значение типа "bool", приведенное к типу "DataType", не может равняться данной константе
     1>c:\users\lena\desktop\оптимизация\transl\transl\diagram.cpp(805): warning C4101: l1: неиспользованная локальная переменная
     1>c:\users\lena\desktop\оптимизация\transl\transl\diagram.cpp(806): warning C4101: uk2: неиспользованная локальная переменная
     1>c:\users\lena\desktop\оптимизация\transl\transl\diagram.cpp(806): warning C4101: t1: неиспользованная локальная переменная
     1>c:\users\lena\desktop\оптимизация\transl\transl\diagram.cpp(1148): warning C4101: f: неиспользованная локальная переменная
     1>c:\users\lena\desktop\оптимизация\transl\transl\diagram.cpp(1323): warning C4800: int: принудительно задано логическое значение "true" или "false" (предупреждение о производительности)
     1>c:\users\lena\desktop\оптимизация\transl\transl\diagram.cpp(889): warning C4715: TDiagram::ElemVyrazh: значение возвращается не при всех путях выполнения
       Link:
         C:\Program Files (x86)\Microsoft Visual Studio 11.0\VC\bin\link.exe /ERRORREPORT:PROMPT /OUT:"C:\Users\lena\Desktop\оптимизация\transl\Debug\transl.exe" /INCREMENTAL /NOLOGO kernel32.lib user32.lib gdi32.lib winspool.lib comdlg32.lib advapi32.lib shell32.lib ole32.lib oleaut32.lib uuid.lib odbc32.lib odbccp32.lib /MANIFEST /MANIFESTUAC:"level='asInvoker' uiAccess='false'" /manifest:embed /DEBUG /PDB:"C:\Users\lena\Desktop\оптимизация\transl\Debug\transl.pdb" /SUBSYSTEM:CONSOLE /TLBID:1 /DYNAMICBASE /NXCOMPAT /IMPLIB:"C:\Users\lena\Desktop\оптимизация\transl\Debug\transl.lib" /MACHINE:X86 Debug\diagram.obj
         Debug\scaner.obj
         Debug\stdafx.obj
         Debug\transl.obj
         Debug\treeSemant.obj
         transl.vcxproj -> C:\Users\lena\Desktop\оптимизация\transl\Debug\transl.exe
     1>Построение проекта "C:\Users\lena\Desktop\оптимизация\transl\transl\transl.vcxproj" завершено (целевые объекты Build).

Сборка успешно завершена.

Затраченное время: 00:00:02.61
